<?xml version="1.0" encoding="UTF-8"?>
<!-- Generated by org.testng.reporters.JUnitXMLReporter -->
<testsuite ignored="0" hostname="NSL-6512" failures="0" tests="6" name="chrome" time="12.605" errors="0" timestamp="2022-08-16T11:36:54 IST">
  <testcase classname="base.TestScript" name="prerequisite" time="0.446"/>
  <testcase classname="base.TestScript" name="prerequisite" time="0.141"/>
  <testcase classname="base.TestScript" name="prerequisite" time="0.144"/>
  <testcase classname="base.TestScript" name="prerequisite" time="0.146"/>
  <testcase classname="base.TestScript" name="prerequisite" time="0.115"/>
  <testcase classname="base.TestScript" name="prerequisite" time="0.148"/>
</testsuite> <!-- chrome -->
